<?xml version="1.0" encoding="UTF-8"?>
<!-- Generated by org.testng.reporters.JUnitReportReporter -->
<testsuite hostname="DESKTOP-BAKHCIT" failures="0" tests="5" name="step_definitions.RunCukesTest" time="27.090" errors="0" timestamp="2024-07-06T17:59:52 BST" skipped="0">
  <testcase classname="step_definitions.RunCukesTest" name="runScenario" time="7.398"/>
  <testcase classname="step_definitions.RunCukesTest" name="runScenario" time="3.023"/>
  <testcase classname="step_definitions.RunCukesTest" name="runScenario" time="3.251"/>
  <testcase classname="step_definitions.RunCukesTest" name="runScenario" time="8.901"/>
  <testcase classname="step_definitions.RunCukesTest" name="runScenario" time="4.517"/>
</testsuite> <!-- step_definitions.RunCukesTest -->
